4 - 7	1
1 - 2	4
10 - 3	4
12 - 7	10
11 - 13	12
0 - 12	13
2 - 3	14
2 - 13	15
13 - 6	16
4 - 6	18
8 - 3	19
5 - 13	23
11 - 9	33
MC: 182


2 - 7	1
10 - 6	1
0 - 6	6
1 - 3	9
4 - 8	10
5 - 8	10
2 - 3	11
0 - 3	13
9 - 8	15
5 - 7	20
MC: 96


2 - 6	6
2 - 0	12
10 - 6	13
7 - 8	16
0 - 3	28
3 - 9	33
11 - 6	34
8 - 9	37
10 - 12	38
4 - 12	39
7 - 5	70
2 - 1	91
MC: 417


6 - 8	3
11 - 12	4
3 - 9	6
1 - 11	6
5 - 10	6
13 - 14	7
1 - 7	9
3 - 4	10
3 - 10	10
13 - 1	10
15 - 4	11
12 - 3	12
0 - 4	21
8 - 0	28
2 - 1	40
MC: 183


4 - 7	5
4 - 5	9
0 - 4	10
2 - 1	10
2 - 0	13
4 - 6	40
3 - 7	58
MC: 145


8 - 12	3
4 - 9	5
6 - 10	5
12 - 13	6
10 - 11	6
14 - 15	7
9 - 10	7
16 - 9	8
1 - 10	10
4 - 5	12
8 - 0	19
13 - 1	22
15 - 9	37
7 - 2	38
3 - 14	38
7 - 16	46
MC: 269


4 - 6	1
4 - 8	2
8 - 2	7
9 - 6	11
1 - 8	36
4 - 7	46
8 - 5	48
1 - 3	65
0 - 1	91
MC: 307


1 - 3	3
1 - 2	22
2 - 6	33
7 - 5	43
0 - 2	48
6 - 4	62
0 - 5	74
MC: 285


2 - 6	3
9 - 4	3
10 - 5	12
3 - 13	13
8 - 3	14
7 - 10	19
3 - 2	21
3 - 9	24
10 - 12	29
4 - 1	36
9 - 10	37
11 - 4	80
6 - 0	87
MC: 378


1 - 4	7
2 - 4	23
1 - 5	24
4 - 0	44
3 - 4	48
MC: 146


7 - 11	9
6 - 12	11
9 - 10	16
3 - 14	26
4 - 15	27
0 - 16	29
11 - 13	33
15 - 16	36
13 - 5	37
14 - 9	45
11 - 14	49
2 - 10	55
8 - 13	58
12 - 14	60
8 - 15	62
1 - 10	84
MC: 637


0 - 15	1
10 - 1	1
8 - 15	2
17 - 5	2
1 - 5	2
7 - 13	4
8 - 11	6
2 - 14	7
12 - 1	7
2 - 0	8
4 - 8	8
2 - 12	8
3 - 13	9
9 - 2	10
16 - 13	12
2 - 7	12
15 - 6	13
8 - 18	20
MC: 132


0 - 6	2
7 - 0	2
1 - 11	6
8 - 6	8
12 - 11	9
7 - 2	10
4 - 5	12
7 - 4	13
0 - 9	21
1 - 2	26
3 - 10	28
3 - 5	31
MC: 168


3 - 14	3
10 - 0	6
6 - 11	7
7 - 8	8
13 - 7	10
10 - 9	11
5 - 11	12
3 - 5	12
3 - 4	12
0 - 8	14
5 - 12	15
14 - 7	21
1 - 7	25
2 - 7	58
MC: 214


2 - 3	9
1 - 3	12
0 - 3	22
0 - 5	30
4 - 2	41
MC: 114


0 - 19	2
13 - 18	2
18 - 19	2
14 - 19	3
4 - 11	8
17 - 4	9
13 - 3	10
6 - 12	11
17 - 2	12
0 - 2	13
2 - 5	14
15 - 8	18
7 - 4	21
6 - 7	25
13 - 1	26
8 - 1	27
3 - 9	33
16 - 10	33
7 - 10	34
MC: 303


0 - 9	1
8 - 16	1
17 - 14	1
2 - 15	2
10 - 11	3
5 - 11	3
19 - 0	4
19 - 2	4
3 - 16	4
0 - 14	6
8 - 18	8
4 - 13	8
10 - 3	8
17 - 13	9
12 - 15	14
1 - 8	15
0 - 16	15
0 - 7	22
5 - 6	31
MC: 159


0 - 4	2
2 - 4	8
3 - 4	29
1 - 4	40
MC: 79


3 - 4	12
1 - 0	16
4 - 5	34
2 - 1	35
6 - 3	35
2 - 6	50
7 - 8	51
3 - 8	55
MC: 288


10 - 13	1
16 - 13	2
9 - 18	3
3 - 9	5
2 - 14	6
10 - 3	7
10 - 0	8
16 - 7	9
16 - 14	10
8 - 13	12
12 - 13	14
18 - 1	16
17 - 4	17
17 - 13	18
11 - 13	20
15 - 13	21
6 - 1	23
7 - 19	26
5 - 2	26
MC: 244


2 - 10	1
7 - 5	5
11 - 4	5
6 - 8	7
1 - 5	8
11 - 13	9
11 - 0	10
6 - 7	11
1 - 10	12
2 - 14	14
5 - 13	14
3 - 8	15
15 - 7	19
15 - 9	28
12 - 7	34
MC: 192


4 - 8	5
5 - 9	11
6 - 7	31
2 - 7	53
2 - 4	59
5 - 7	69
0 - 7	82
8 - 1	83
1 - 3	91
MC: 484


1 - 2	6
5 - 1	11
5 - 0	26
1 - 4	32
5 - 3	54
MC: 129


2 - 8	3
5 - 6	5
8 - 6	8
3 - 7	9
3 - 6	10
8 - 4	19
8 - 9	22
0 - 6	28
1 - 0	29
MC: 133


11 - 15	1
17 - 18	3
4 - 0	7
2 - 5	8
15 - 2	9
13 - 14	10
18 - 2	12
8 - 1	13
11 - 0	15
8 - 10	16
6 - 12	23
12 - 13	23
6 - 17	23
5 - 1	24
16 - 11	25
13 - 9	26
1 - 3	30
7 - 18	35
MC: 303


5 - 6	14
12 - 13	15
11 - 4	16
6 - 0	21
2 - 9	29
0 - 8	35
5 - 7	41
7 - 3	43
2 - 3	43
3 - 4	49
2 - 10	74
4 - 1	79
12 - 2	98
MC: 557


0 - 6	1
7 - 8	4
5 - 10	5
1 - 10	8
3 - 4	9
3 - 2	18
11 - 5	23
2 - 9	23
0 - 11	26
8 - 9	27
6 - 3	31
MC: 175


1 - 11	1
5 - 6	4
2 - 12	5
12 - 0	5
12 - 1	7
8 - 10	7
4 - 10	8
1 - 8	13
5 - 7	14
11 - 9	15
5 - 12	20
3 - 10	26
MC: 125


4 - 8	3
10 - 3	6
11 - 2	7
3 - 7	11
6 - 7	21
10 - 13	26
6 - 2	33
12 - 15	33
7 - 14	37
9 - 12	39
1 - 11	39
9 - 6	41
5 - 10	51
8 - 14	52
12 - 0	70
MC: 469


1 - 3	2
14 - 4	2
14 - 9	2
2 - 15	3
1 - 10	4
7 - 17	4
3 - 18	6
13 - 18	7
13 - 17	7
3 - 11	7
2 - 0	7
2 - 10	9
2 - 5	11
6 - 13	12
14 - 18	13
6 - 16	14
12 - 7	16
7 - 19	19
6 - 8	23
MC: 168


4 - 11	2
1 - 0	4
4 - 5	5
9 - 13	12
8 - 7	13
9 - 11	16
11 - 6	16
4 - 0	20
2 - 6	20
2 - 3	22
8 - 2	24
10 - 12	25
10 - 3	27
4 - 14	34
MC: 240


5 - 7	1
3 - 13	2
18 - 6	2
9 - 0	4
17 - 10	4
4 - 11	5
0 - 2	5
15 - 12	6
17 - 6	6
0 - 12	6
13 - 14	6
5 - 12	7
5 - 13	7
4 - 1	8
18 - 4	8
15 - 6	9
16 - 18	16
16 - 8	18
MC: 120


5 - 7	1
6 - 4	2
1 - 5	5
16 - 19	7
1 - 8	8
2 - 4	8
2 - 18	10
12 - 4	10
10 - 11	11
13 - 9	12
13 - 17	13
13 - 4	14
16 - 5	19
17 - 19	19
3 - 2	23
7 - 10	24
15 - 2	25
6 - 0	30
14 - 7	32
MC: 273


0 - 4	1
1 - 2	1
7 - 16	1
11 - 7	2
12 - 7	2
5 - 3	3
5 - 4	3
0 - 2	4
2 - 11	4
10 - 8	6
2 - 6	8
10 - 6	9
11 - 14	9
13 - 14	11
3 - 17	11
9 - 5	13
15 - 3	15
MC: 103


6 - 8	1
10 - 19	3
10 - 15	5
11 - 3	5
4 - 12	6
9 - 7	6
19 - 16	11
10 - 3	12
2 - 3	12
1 - 6	14
4 - 16	14
18 - 15	20
5 - 11	21
6 - 16	24
8 - 14	25
1 - 17	32
9 - 6	38
11 - 0	59
15 - 13	72
MC: 380


4 - 9	4
11 - 0	19
8 - 1	20
1 - 0	29
0 - 12	35
4 - 0	35
10 - 1	35
3 - 4	54
7 - 9	63
2 - 11	64
6 - 11	80
5 - 7	89
MC: 527


0 - 2	27
0 - 4	57
2 - 3	69
3 - 1	79
MC: 232


2 - 3	5
0 - 1	11
3 - 0	21
4 - 2	36
MC: 73


9 - 17	1
2 - 13	3
9 - 16	3
2 - 12	4
11 - 6	4
1 - 14	5
2 - 16	5
0 - 1	7
3 - 0	7
18 - 15	8
10 - 0	8
2 - 6	11
8 - 18	12
11 - 15	12
4 - 15	14
16 - 5	16
10 - 7	17
11 - 3	17
MC: 154


1 - 3	10
0 - 5	14
1 - 4	18
6 - 3	37
5 - 2	51
5 - 1	58
MC: 188


0 - 6	9
0 - 2	35
5 - 4	37
6 - 4	46
3 - 6	68
1 - 6	72
MC: 267


0 - 4	1
0 - 3	2
9 - 3	7
9 - 7	12
3 - 2	14
5 - 0	21
2 - 6	35
8 - 6	47
4 - 1	60
MC: 199


4 - 5	2
7 - 8	2
2 - 8	4
11 - 12	4
1 - 9	4
0 - 2	5
4 - 10	7
12 - 13	7
10 - 11	8
13 - 14	8
2 - 14	9
10 - 1	10
13 - 6	12
11 - 3	21
MC: 103


5 - 13	8
0 - 8	19
13 - 1	36
13 - 2	41
7 - 8	47
4 - 9	51
15 - 8	52
4 - 11	56
12 - 3	65
15 - 9	65
4 - 1	69
6 - 14	71
6 - 7	74
3 - 10	93
12 - 0	95
MC: 842


0 - 6	2
5 - 1	8
3 - 7	8
1 - 6	15
4 - 10	23
2 - 10	26
11 - 8	34
10 - 3	39
10 - 1	43
8 - 9	49
11 - 6	55
MC: 302


0 - 6	3
9 - 7	3
6 - 7	7
9 - 3	8
5 - 0	9
0 - 4	15
7 - 8	17
1 - 6	22
4 - 2	25
MC: 109


2 - 8	1
5 - 10	10
3 - 9	12
10 - 0	15
1 - 9	19
2 - 5	21
10 - 1	26
9 - 6	37
0 - 4	47
7 - 1	55
MC: 243


5 - 6	8
2 - 1	9
3 - 2	15
1 - 6	25
0 - 2	42
4 - 6	44
MC: 143


0 - 11	1
2 - 14	1
5 - 13	1
1 - 14	1
10 - 0	2
4 - 6	3
5 - 16	3
1 - 3	5
10 - 8	5
10 - 15	5
12 - 13	5
4 - 7	6
0 - 9	6
9 - 16	8
4 - 12	8
2 - 15	8
17 - 6	12
18 - 19	15
19 - 15	17
MC: 112


2 - 4	33
3 - 1	61
5 - 2	70
1 - 2	71
0 - 1	96
MC: 331


1 - 5	1
0 - 3	5
1 - 2	26
5 - 4	33
4 - 3	42
MC: 107


2 - 4	15
1 - 0	23
4 - 1	65
2 - 3	68
MC: 171


9 - 11	3
12 - 1	5
3 - 9	7
10 - 12	10
9 - 0	10
5 - 3	12
10 - 6	12
1 - 2	31
0 - 10	37
11 - 7	40
7 - 4	45
0 - 8	57
MC: 269


6 - 13	2
10 - 4	3
4 - 15	8
7 - 8	9
2 - 18	9
7 - 16	10
2 - 5	13
3 - 13	16
12 - 9	17
10 - 12	19
1 - 18	19
5 - 10	23
10 - 6	23
17 - 16	30
18 - 14	40
1 - 0	41
0 - 8	44
5 - 11	56
MC: 382


4 - 9	1
1 - 6	2
4 - 6	3
9 - 10	10
2 - 10	27
6 - 5	27
5 - 12	28
8 - 11	50
6 - 11	51
7 - 12	58
11 - 3	80
3 - 0	91
MC: 428


7 - 13	1
12 - 9	1
8 - 14	2
2 - 8	3
5 - 17	5
6 - 9	6
16 - 2	6
4 - 6	9
8 - 1	12
1 - 0	12
18 - 4	13
9 - 10	14
15 - 10	15
13 - 2	17
15 - 3	17
5 - 11	19
12 - 8	21
2 - 5	21
MC: 194


4 - 6	1
9 - 18	2
18 - 19	2
7 - 4	5
11 - 9	7
15 - 10	9
16 - 0	9
14 - 1	10
4 - 19	12
13 - 10	13
16 - 18	13
2 - 15	15
8 - 19	15
19 - 1	16
3 - 4	17
12 - 16	17
5 - 18	18
15 - 18	18
3 - 17	25
MC: 224


0 - 5	4
0 - 4	13
1 - 3	29
3 - 2	38
4 - 2	59
MC: 143


2 - 3	6
0 - 4	31
6 - 3	38
0 - 5	40
4 - 1	56
3 - 4	80
MC: 251


3 - 4	3
14 - 12	3
4 - 5	5
14 - 8	10
7 - 10	12
8 - 0	13
9 - 11	13
14 - 7	14
13 - 7	14
15 - 1	14
2 - 5	17
9 - 5	17
4 - 1	19
0 - 3	20
11 - 6	24
MC: 198


1 - 9	1
7 - 2	1
4 - 3	7
7 - 1	9
4 - 9	9
9 - 5	9
6 - 10	17
8 - 11	27
4 - 10	29
7 - 8	33
4 - 0	33
MC: 175


3 - 5	22
1 - 3	45
3 - 4	50
4 - 0	50
2 - 0	61
MC: 228


0 - 8	1
4 - 7	7
6 - 1	10
0 - 4	11
1 - 8	16
2 - 6	24
5 - 6	24
5 - 3	31
MC: 124


7 - 9	1
8 - 17	1
18 - 19	5
14 - 2	5
0 - 18	7
12 - 3	13
6 - 16	15
19 - 13	15
13 - 8	16
14 - 7	16
13 - 7	25
3 - 16	26
6 - 18	27
11 - 8	27
1 - 8	32
1 - 15	37
11 - 4	43
10 - 15	52
5 - 13	67
MC: 430


15 - 17	1
10 - 14	3
7 - 9	4
10 - 6	5
10 - 5	6
1 - 3	7
3 - 15	8
10 - 12	9
2 - 4	15
6 - 16	16
7 - 16	17
3 - 2	19
2 - 12	21
13 - 7	21
0 - 17	26
11 - 14	28
8 - 17	46
MC: 252


2 - 3	13
0 - 2	14
3 - 4	67
0 - 1	70
5 - 6	79
2 - 6	80
MC: 323


1 - 4	8
2 - 0	19
4 - 2	41
3 - 1	53
5 - 0	89
MC: 210


0 - 6	1
10 - 6	4
12 - 9	4
13 - 15	6
6 - 15	9
12 - 14	13
14 - 18	13
9 - 17	14
0 - 16	15
1 - 16	16
14 - 15	17
5 - 3	18
5 - 0	18
16 - 8	20
0 - 2	21
11 - 17	32
13 - 4	33
18 - 7	41
MC: 295


0 - 1	3
10 - 5	4
4 - 3	5
9 - 10	9
1 - 7	10
9 - 6	11
10 - 2	13
1 - 8	16
2 - 3	20
10 - 1	27
MC: 118


1 - 2	1
6 - 8	2
4 - 3	16
8 - 5	16
8 - 0	17
3 - 6	24
2 - 3	35
3 - 7	48
MC: 159


3 - 5	3
12 - 14	3
0 - 13	10
5 - 13	13
3 - 9	15
13 - 8	16
2 - 0	24
13 - 14	27
3 - 6	31
7 - 8	32
12 - 1	36
4 - 0	36
11 - 9	44
11 - 10	57
MC: 347


5 - 14	1
10 - 7	4
1 - 9	5
17 - 3	7
10 - 1	7
9 - 13	8
7 - 14	8
17 - 15	14
18 - 7	16
0 - 4	18
4 - 12	20
10 - 6	21
3 - 13	21
0 - 16	29
3 - 8	31
18 - 0	32
2 - 8	35
11 - 12	35
MC: 312


1 - 4	11
4 - 3	18
2 - 0	49
0 - 1	55
MC: 133


2 - 3	5
1 - 2	17
3 - 4	19
1 - 5	53
3 - 0	60
MC: 154


1 - 4	2
2 - 10	2
2 - 15	3
11 - 0	4
11 - 9	9
11 - 12	10
0 - 15	10
14 - 3	14
12 - 1	15
5 - 1	16
11 - 14	22
6 - 9	22
4 - 8	30
13 - 8	30
15 - 7	30
MC: 219


4 - 6	2
2 - 3	4
6 - 7	6
1 - 4	7
2 - 4	9
2 - 5	11
5 - 0	52
MC: 91


5 - 8	4
11 - 17	4
0 - 4	5
4 - 18	11
10 - 6	11
17 - 16	14
5 - 11	16
11 - 0	17
4 - 13	20
6 - 14	20
2 - 12	22
13 - 1	22
9 - 1	23
15 - 1	23
12 - 3	28
18 - 6	29
1 - 3	35
9 - 7	36
MC: 340


4 - 8	1
8 - 1	4
0 - 10	8
7 - 1	9
1 - 10	11
7 - 5	17
3 - 10	17
9 - 10	17
0 - 6	18
10 - 2	26
MC: 128


0 - 2	25
1 - 4	36
3 - 2	37
0 - 1	40
0 - 5	44
MC: 182


0 - 2	3
5 - 2	3
5 - 17	3
11 - 15	3
0 - 11	5
8 - 9	5
5 - 13	6
3 - 15	6
13 - 9	7
3 - 4	7
12 - 17	8
14 - 1	9
0 - 1	9
2 - 16	10
14 - 7	10
6 - 17	11
0 - 18	11
3 - 10	16
MC: 132


1 - 2	6
8 - 5	6
11 - 2	8
3 - 1	10
6 - 8	14
8 - 2	19
3 - 0	23
8 - 12	29
7 - 2	30
3 - 10	33
13 - 9	37
13 - 14	46
13 - 11	49
14 - 4	54
MC: 364


7 - 9	5
4 - 6	25
7 - 10	35
4 - 7	52
9 - 2	53
2 - 1	55
3 - 7	70
5 - 6	71
0 - 1	73
0 - 8	98
MC: 537


0 - 3	18
0 - 1	22
2 - 3	31
0 - 5	36
1 - 4	72
MC: 179


0 - 6	1
17 - 1	2
18 - 6	2
19 - 12	2
9 - 4	3
19 - 10	3
17 - 18	5
1 - 2	6
12 - 6	7
17 - 15	9
10 - 3	10
16 - 19	11
2 - 8	11
9 - 7	12
5 - 14	12
18 - 5	14
18 - 13	15
7 - 16	15
5 - 11	21
MC: 161


2 - 5	2
4 - 2	9
7 - 5	12
3 - 1	13
10 - 6	13
9 - 5	28
1 - 11	36
2 - 0	38
7 - 10	53
10 - 12	55
8 - 12	61
3 - 9	65
MC: 385


7 - 16	6
1 - 7	7
15 - 13	9
12 - 2	10
14 - 6	21
14 - 15	21
8 - 6	21
0 - 8	22
6 - 1	22
8 - 11	24
14 - 3	26
0 - 2	27
15 - 9	32
0 - 10	35
4 - 9	39
0 - 5	46
MC: 368


1 - 2	14
0 - 4	18
4 - 3	26
5 - 3	49
4 - 2	53
MC: 160


5 - 9	2
11 - 14	3
10 - 3	4
17 - 14	5
16 - 9	6
8 - 2	6
16 - 17	7
2 - 15	8
16 - 2	9
16 - 10	9
2 - 6	9
9 - 13	10
3 - 7	10
16 - 18	11
11 - 12	17
0 - 7	18
1 - 12	24
18 - 4	31
MC: 189


0 - 1	34
2 - 3	36
4 - 3	56
0 - 4	57
MC: 183


2 - 11	1
2 - 8	2
10 - 3	3
10 - 0	4
6 - 1	5
1 - 0	6
11 - 6	8
12 - 7	10
9 - 12	20
5 - 4	21
11 - 12	22
0 - 4	27
MC: 129


2 - 3	1
7 - 13	5
8 - 5	5
8 - 18	5
6 - 15	7
10 - 12	8
14 - 1	15
13 - 8	23
16 - 9	24
18 - 4	28
12 - 2	29
10 - 11	30
7 - 10	35
14 - 11	35
14 - 16	37
17 - 18	39
3 - 0	47
8 - 6	63
MC: 436


5 - 13	3
16 - 2	4
7 - 16	6
9 - 5	13
14 - 7	14
6 - 16	19
2 - 10	19
7 - 1	20
0 - 6	20
3 - 13	21
12 - 4	22
6 - 13	30
8 - 2	32
12 - 16	34
0 - 15	44
12 - 11	71
MC: 372


0 - 3	5
3 - 2	5
4 - 0	8
3 - 1	38
MC: 56


9 - 12	1
13 - 5	2
13 - 4	5
3 - 6	6
9 - 10	7
6 - 10	9
0 - 12	11
0 - 5	13
6 - 7	14
12 - 16	15
16 - 11	15
3 - 8	17
2 - 5	20
15 - 12	21
2 - 1	21
14 - 2	24
MC: 201


1 - 7	4
8 - 5	4
9 - 11	7
14 - 18	11
16 - 5	23
15 - 16	25
0 - 10	25
15 - 18	33
14 - 13	36
5 - 4	41
8 - 10	44
18 - 3	44
1 - 10	47
11 - 5	51
2 - 12	67
16 - 17	71
6 - 12	95
12 - 15	100
MC: 728


3 - 6	3
3 - 9	8
6 - 7	10
6 - 4	12
0 - 4	13
5 - 7	15
3 - 11	20
2 - 10	20
11 - 8	27
6 - 10	30
1 - 10	31
MC: 189


1 - 5	2
1 - 0	10
3 - 7	10
8 - 6	13
7 - 6	15
4 - 3	26
2 - 6	53
6 - 5	72
MC: 201


7 - 12	1
10 - 14	2
13 - 4	2
10 - 5	4
11 - 16	4
0 - 2	4
11 - 14	5
6 - 14	5
0 - 3	6
5 - 9	7
2 - 16	9
13 - 6	9
1 - 2	11
16 - 7	11
15 - 17	17
2 - 17	20
8 - 4	22
MC: 139


1 - 2	1
10 - 7	1
5 - 10	2
9 - 7	4
10 - 3	4
4 - 14	5
7 - 4	7
10 - 8	9
5 - 1	15
11 - 12	20
0 - 13	27
10 - 6	28
11 - 3	37
7 - 0	45
15 - 3	57
MC: 262


1 - 2	11
2 - 3	40
4 - 1	70
0 - 4	82
MC: 203


