3 - 1	40
0 - 2	14
7 - 3	3
10 - 4	38
4 - 5	18
5 - 6	44
0 - 7	2
5 - 8	6
6 - 9	14
0 - 10	26
4 - 11	24
MC: 229


0 - 1	20
3 - 2	8
1 - 3	29
3 - 4	47
MC: 104


7 - 1	9
3 - 2	16
8 - 3	1
8 - 4	19
0 - 5	13
1 - 6	17
5 - 7	9
7 - 8	11
5 - 9	7
MC: 102


8 - 1	64
0 - 2	24
2 - 3	24
5 - 4	26
3 - 5	45
7 - 6	27
8 - 7	6
2 - 8	74
0 - 9	14
4 - 10	36
MC: 340


5 - 1	1
15 - 2	11
5 - 3	3
8 - 4	1
0 - 5	5
7 - 6	4
1 - 7	10
14 - 8	12
5 - 9	8
15 - 10	14
12 - 11	20
9 - 12	3
8 - 13	10
0 - 14	11
1 - 15	9
14 - 16	3
8 - 17	2
MC: 127


5 - 1	15
8 - 2	10
6 - 3	9
0 - 4	10
7 - 5	13
8 - 6	1
15 - 7	10
15 - 8	1
3 - 9	41
3 - 10	25
6 - 11	12
4 - 12	6
1 - 13	2
2 - 14	10
0 - 15	11
MC: 176


10 - 1	13
8 - 2	11
11 - 3	1
8 - 4	3
9 - 5	11
11 - 6	9
0 - 7	8
7 - 8	10
13 - 9	13
15 - 10	9
12 - 11	13
4 - 12	14
4 - 13	10
9 - 14	18
6 - 15	8
13 - 16	1
5 - 17	2
11 - 18	7
15 - 19	13
MC: 174


9 - 1	31
0 - 2	11
0 - 3	34
0 - 4	3
9 - 5	21
3 - 6	14
2 - 7	3
5 - 8	15
3 - 9	10
7 - 10	16
4 - 11	3
MC: 161


2 - 1	17
0 - 2	9
5 - 3	7
2 - 4	41
2 - 5	34
4 - 6	36
MC: 144


5 - 1	3
3 - 2	25
7 - 3	9
1 - 4	15
0 - 5	21
8 - 6	56
0 - 7	9
4 - 8	17
MC: 155


6 - 1	2
4 - 2	1
2 - 3	20
1 - 4	12
3 - 5	11
0 - 6	11
MC: 57


8 - 1	25
0 - 2	42
5 - 3	1
2 - 4	7
6 - 5	4
1 - 6	36
3 - 7	30
0 - 8	25
MC: 170


9 - 1	20
0 - 2	14
0 - 3	17
7 - 4	29
3 - 5	1
1 - 6	24
9 - 7	16
5 - 8	4
8 - 9	4
MC: 129


3 - 1	17
8 - 2	14
9 - 3	8
7 - 4	26
2 - 5	4
7 - 6	16
9 - 7	17
9 - 8	21
0 - 9	27
1 - 10	20
MC: 170


0 - 1	62
3 - 2	13
1 - 3	26
2 - 4	58
MC: 159


10 - 1	12
4 - 2	22
6 - 3	34
0 - 4	56
2 - 5	5
9 - 6	25
5 - 7	1
5 - 8	22
4 - 9	18
6 - 10	40
9 - 11	26
MC: 261


3 - 1	1
0 - 2	21
8 - 3	6
2 - 4	2
15 - 5	1
8 - 6	16
5 - 7	9
14 - 8	7
8 - 9	11
8 - 10	10
1 - 11	9
4 - 12	8
1 - 13	7
15 - 14	6
2 - 15	7
17 - 16	23
1 - 17	4
MC: 148


9 - 1	16
15 - 2	8
2 - 3	3
2 - 4	6
10 - 5	7
1 - 6	8
13 - 7	14
2 - 8	1
5 - 9	10
15 - 10	4
5 - 11	12
9 - 12	1
9 - 13	5
6 - 14	18
0 - 15	3
1 - 16	9
0 - 17	28
MC: 153


3 - 1	11
4 - 2	78
4 - 3	28
0 - 4	30
MC: 147


3 - 1	59
3 - 2	22
0 - 3	25
0 - 4	74
MC: 180


2 - 1	27
4 - 2	19
5 - 3	28
0 - 4	14
1 - 5	4
1 - 6	9
MC: 101


0 - 1	25
8 - 2	3
2 - 3	6
11 - 4	9
1 - 5	15
1 - 6	39
1 - 7	17
1 - 8	6
3 - 9	24
8 - 10	14
12 - 11	5
10 - 12	15
8 - 13	13
4 - 14	15
MC: 206


3 - 1	18
0 - 2	9
2 - 3	14
5 - 4	29
1 - 5	13
4 - 6	25
MC: 108


11 - 1	29
10 - 2	1
9 - 3	2
14 - 4	6
6 - 5	1
8 - 6	11
18 - 7	31
13 - 8	13
0 - 9	6
6 - 10	14
3 - 11	10
9 - 12	3
0 - 13	2
11 - 14	14
11 - 15	17
2 - 16	14
13 - 17	20
5 - 18	8
MC: 202


13 - 1	2
14 - 2	12
17 - 3	8
7 - 4	16
9 - 5	54
16 - 6	10
13 - 7	11
4 - 8	16
14 - 9	21
11 - 10	2
12 - 11	8
16 - 12	9
16 - 13	11
8 - 14	16
0 - 15	6
15 - 16	10
11 - 17	17
MC: 229


8 - 1	13
0 - 2	20
5 - 3	8
7 - 4	11
7 - 5	8
2 - 6	1
6 - 7	20
3 - 8	5
5 - 9	20
13 - 10	7
2 - 11	17
0 - 12	2
1 - 13	19
MC: 151


5 - 1	5
10 - 2	41
8 - 3	16
2 - 4	3
2 - 5	4
10 - 6	55
2 - 7	19
9 - 8	46
5 - 9	1
11 - 10	12
0 - 11	3
11 - 12	7
11 - 13	26
1 - 14	9
MC: 247


7 - 1	42
7 - 2	42
2 - 3	49
7 - 4	50
7 - 5	45
1 - 6	27
0 - 7	6
MC: 261


0 - 1	41
7 - 2	14
7 - 3	13
2 - 4	53
1 - 5	42
2 - 6	55
8 - 7	25
5 - 8	2
MC: 245


0 - 1	54
4 - 2	46
4 - 3	2
0 - 4	84
MC: 186


6 - 1	63
7 - 2	42
10 - 3	79
5 - 4	37
10 - 5	80
7 - 6	20
13 - 7	74
0 - 8	61
10 - 9	22
12 - 10	13
3 - 11	67
8 - 12	13
5 - 13	52
9 - 14	26
9 - 15	25
MC: 674


8 - 1	27
0 - 2	49
15 - 3	27
1 - 4	44
3 - 5	5
11 - 6	20
16 - 7	34
3 - 8	30
12 - 9	33
13 - 10	23
17 - 11	34
10 - 12	41
17 - 13	25
13 - 14	7
10 - 15	5
3 - 16	51
0 - 17	37
MC: 492


7 - 1	11
1 - 2	17
0 - 3	8
5 - 4	29
9 - 5	3
8 - 6	8
12 - 7	16
0 - 8	2
7 - 9	5
6 - 10	6
0 - 11	26
3 - 12	13
10 - 13	1
MC: 145


4 - 1	21
1 - 2	22
7 - 3	49
10 - 4	10
7 - 5	10
14 - 6	4
8 - 7	5
13 - 8	14
6 - 9	20
7 - 10	28
14 - 11	30
9 - 12	48
9 - 13	21
0 - 14	48
14 - 15	22
10 - 16	1
MC: 353


3 - 1	84
6 - 2	3
7 - 3	63
6 - 4	58
6 - 5	65
0 - 6	69
5 - 7	37
MC: 379


2 - 1	5
0 - 2	9
10 - 3	2
0 - 4	10
10 - 5	9
18 - 6	29
2 - 7	6
4 - 8	7
0 - 9	11
11 - 10	9
16 - 11	8
15 - 12	13
4 - 13	1
18 - 14	20
17 - 15	18
2 - 16	11
9 - 17	9
5 - 18	4
MC: 181


0 - 1	29
0 - 2	54
5 - 3	42
0 - 4	8
0 - 5	41
4 - 6	52
5 - 7	7
MC: 233


11 - 1	1
1 - 2	16
10 - 3	5
9 - 4	6
2 - 5	4
1 - 6	10
2 - 7	12
7 - 8	19
11 - 9	2
2 - 10	13
0 - 11	11
11 - 12	14
MC: 113


10 - 1	5
0 - 2	16
8 - 3	1
6 - 4	25
2 - 5	3
12 - 6	3
1 - 7	4
9 - 8	4
2 - 9	1
13 - 10	5
13 - 11	3
11 - 12	5
2 - 13	16
MC: 91


10 - 1	57
8 - 2	27
13 - 3	3
8 - 4	7
8 - 5	14
8 - 6	45
9 - 7	30
0 - 8	23
4 - 9	25
14 - 10	4
0 - 11	1
10 - 12	5
2 - 13	31
9 - 14	13
MC: 285


14 - 1	30
10 - 2	18
13 - 3	12
15 - 4	1
15 - 5	52
9 - 6	1
11 - 7	40
14 - 8	3
8 - 9	2
15 - 10	16
9 - 11	3
3 - 12	4
0 - 13	2
13 - 14	2
0 - 15	8
MC: 194


11 - 1	27
10 - 2	41
0 - 3	58
9 - 4	19
6 - 5	30
2 - 6	25
1 - 7	59
11 - 8	12
1 - 9	19
0 - 10	31
5 - 11	35
8 - 12	58
8 - 13	8
1 - 14	4
MC: 426


8 - 1	94
13 - 2	70
13 - 3	67
9 - 4	93
15 - 5	1
13 - 6	96
5 - 7	3
0 - 8	98
10 - 9	51
5 - 10	15
6 - 11	25
2 - 12	2
14 - 13	100
5 - 14	55
0 - 15	33
6 - 16	96
9 - 17	48
MC: 947


4 - 1	39
5 - 2	59
2 - 3	30
0 - 4	15
1 - 5	49
MC: 192


3 - 1	15
6 - 2	29
0 - 3	58
7 - 4	22
4 - 5	73
1 - 6	96
3 - 7	42
MC: 335


10 - 1	18
3 - 2	11
4 - 3	7
9 - 4	7
4 - 5	23
8 - 6	9
9 - 7	19
7 - 8	13
1 - 9	7
0 - 10	37
MC: 151


6 - 1	16
4 - 2	55
0 - 3	40
6 - 4	16
0 - 5	55
0 - 6	50
MC: 232


3 - 1	60
0 - 2	89
0 - 3	53
2 - 4	65
4 - 5	9
MC: 276


9 - 1	5
6 - 2	8
4 - 3	9
16 - 4	12
14 - 5	11
7 - 6	10
14 - 7	8
3 - 8	3
14 - 9	9
11 - 10	16
17 - 11	9
0 - 12	1
5 - 13	5
12 - 14	4
2 - 15	16
7 - 16	14
2 - 17	1
MC: 141


4 - 1	23
0 - 2	22
8 - 3	36
9 - 4	14
9 - 5	5
4 - 6	17
0 - 7	4
2 - 8	11
7 - 9	7
MC: 139


11 - 1	25
16 - 2	7
7 - 3	6
3 - 4	9
3 - 5	20
4 - 6	29
0 - 7	5
0 - 8	6
14 - 9	18
16 - 10	26
16 - 11	14
11 - 12	16
9 - 13	20
7 - 14	4
11 - 15	40
17 - 16	3
14 - 17	3
12 - 18	35
MC: 286


2 - 1	4
5 - 2	2
0 - 3	2
5 - 4	29
0 - 5	71
1 - 6	16
4 - 7	30
MC: 154


0 - 1	11
0 - 2	7
5 - 3	22
8 - 4	31
0 - 5	11
0 - 6	20
3 - 7	34
10 - 8	3
4 - 9	31
0 - 10	15
MC: 185


7 - 1	29
0 - 2	7
7 - 3	7
3 - 4	12
7 - 5	39
5 - 6	16
0 - 7	8
MC: 118


8 - 1	5
3 - 2	10
4 - 3	1
18 - 4	1
10 - 5	2
14 - 6	2
4 - 7	10
15 - 8	1
15 - 9	5
0 - 10	6
1 - 11	8
18 - 12	9
0 - 13	11
5 - 14	1
18 - 15	3
5 - 16	2
0 - 17	7
0 - 18	9
MC: 93


0 - 1	1
0 - 2	15
17 - 3	7
0 - 4	3
2 - 5	10
5 - 6	12
5 - 7	9
2 - 8	17
7 - 9	12
8 - 10	8
12 - 11	9
7 - 12	1
6 - 13	2
3 - 14	26
8 - 15	1
1 - 16	14
13 - 17	1
0 - 18	15
MC: 163


2 - 1	16
6 - 2	18
8 - 3	3
1 - 4	12
1 - 5	15
7 - 6	8
0 - 7	24
2 - 8	20
MC: 116


12 - 1	67
10 - 2	33
7 - 3	6
0 - 4	22
8 - 5	19
3 - 6	15
10 - 7	24
4 - 8	20
2 - 9	27
0 - 10	26
3 - 11	11
0 - 12	36
10 - 13	22
MC: 328


4 - 1	4
6 - 2	25
0 - 3	7
0 - 4	9
0 - 5	8
12 - 6	27
6 - 7	4
1 - 8	13
11 - 9	12
7 - 10	2
0 - 11	14
11 - 12	13
7 - 13	13
17 - 14	7
7 - 15	18
6 - 16	17
3 - 17	27
MC: 220


0 - 1	36
8 - 2	27
9 - 3	28
3 - 4	18
8 - 5	32
1 - 6	10
4 - 7	14
1 - 8	11
1 - 9	6
4 - 10	38
8 - 11	9
10 - 12	1
MC: 230


3 - 1	8
6 - 2	3
0 - 3	37
3 - 4	27
3 - 5	60
12 - 6	35
12 - 7	2
1 - 8	14
6 - 9	11
4 - 10	18
0 - 11	2
11 - 12	17
MC: 234


5 - 1	35
3 - 2	39
0 - 3	28
2 - 4	11
0 - 5	31
MC: 144


18 - 1	6
12 - 2	8
15 - 3	11
11 - 4	5
15 - 5	2
13 - 6	6
10 - 7	13
10 - 8	2
8 - 9	1
12 - 10	5
12 - 11	1
5 - 12	7
5 - 13	4
15 - 14	4
0 - 15	10
13 - 16	3
11 - 17	5
12 - 18	2
1 - 19	7
MC: 102


5 - 1	16
7 - 2	41
4 - 3	28
6 - 4	3
0 - 5	19
5 - 6	9
4 - 7	33
MC: 149


10 - 1	5
9 - 2	3
0 - 3	4
3 - 4	4
9 - 5	3
2 - 6	14
1 - 7	9
9 - 8	1
0 - 9	2
6 - 10	14
9 - 11	2
MC: 61


5 - 1	7
7 - 2	11
5 - 3	31
2 - 4	14
7 - 5	10
2 - 6	3
15 - 7	17
4 - 8	6
11 - 9	9
4 - 10	1
2 - 11	4
2 - 12	12
1 - 13	8
1 - 14	15
0 - 15	20
MC: 168


5 - 1	60
5 - 2	6
0 - 3	42
15 - 4	24
8 - 5	17
2 - 6	29
14 - 7	2
3 - 8	5
5 - 9	12
12 - 10	65
6 - 11	19
9 - 12	13
19 - 13	50
12 - 14	35
14 - 15	26
11 - 16	1
9 - 17	19
1 - 18	7
16 - 19	43
MC: 475


7 - 1	14
11 - 2	18
5 - 3	9
12 - 4	4
0 - 5	15
13 - 6	11
14 - 7	5
5 - 8	2
4 - 9	15
13 - 10	3
1 - 11	8
10 - 12	1
5 - 13	4
15 - 14	1
12 - 15	7
6 - 16	6
1 - 17	8
1 - 18	13
MC: 144


2 - 1	2
0 - 2	30
1 - 3	1
7 - 4	17
4 - 5	29
2 - 6	4
3 - 7	33
MC: 116


9 - 1	17
0 - 2	19
9 - 3	3
5 - 4	24
0 - 5	8
11 - 6	9
6 - 7	18
6 - 8	6
4 - 9	22
1 - 10	2
10 - 11	7
MC: 135


4 - 1	11
0 - 2	19
7 - 3	5
3 - 4	27
7 - 5	17
8 - 6	19
8 - 7	20
15 - 8	14
15 - 9	18
0 - 10	10
1 - 11	24
2 - 12	33
6 - 13	15
0 - 14	12
14 - 15	4
8 - 16	8
MC: 256


4 - 1	20
5 - 2	15
0 - 3	24
2 - 4	20
3 - 5	8
3 - 6	17
8 - 7	25
1 - 8	2
MC: 131


9 - 1	3
9 - 2	44
0 - 3	9
0 - 4	48
7 - 5	11
0 - 6	5
3 - 7	31
5 - 8	23
3 - 9	31
MC: 205


10 - 1	5
9 - 2	27
9 - 3	43
3 - 4	55
6 - 5	17
8 - 6	44
2 - 7	11
14 - 8	38
13 - 9	8
14 - 10	28
15 - 11	20
10 - 12	11
0 - 13	42
2 - 14	24
14 - 15	5
13 - 16	12
MC: 390


0 - 1	10
0 - 2	19
2 - 3	20
0 - 4	19
6 - 5	2
3 - 6	34
MC: 104


8 - 1	13
1 - 2	21
0 - 3	29
7 - 4	23
4 - 5	4
5 - 6	71
3 - 7	5
4 - 8	19
1 - 9	2
MC: 187


11 - 1	12
8 - 2	22
0 - 3	6
6 - 4	22
2 - 5	39
16 - 6	5
13 - 7	24
10 - 8	30
14 - 9	26
0 - 10	38
8 - 11	6
2 - 12	34
8 - 13	22
13 - 14	7
13 - 15	32
3 - 16	3
MC: 328


8 - 1	4
15 - 2	1
7 - 3	7
0 - 4	1
7 - 5	3
5 - 6	6
4 - 7	6
7 - 8	10
1 - 9	19
2 - 10	1
12 - 11	34
7 - 12	21
14 - 13	9
0 - 14	21
3 - 15	9
13 - 16	25
MC: 177


10 - 1	16
0 - 2	70
2 - 3	34
8 - 4	57
3 - 5	36
4 - 6	8
11 - 7	7
3 - 8	40
7 - 9	89
8 - 10	30
5 - 11	42
MC: 429


9 - 1	9
6 - 2	7
6 - 3	34
1 - 4	4
6 - 5	28
10 - 6	38
0 - 7	23
7 - 8	41
8 - 9	21
4 - 10	26
MC: 231


3 - 1	34
5 - 2	20
2 - 3	21
0 - 4	27
4 - 5	3
1 - 6	1
MC: 106


11 - 1	31
11 - 2	19
10 - 3	26
10 - 4	1
8 - 5	27
3 - 6	1
11 - 7	13
9 - 8	21
7 - 9	14
0 - 10	25
10 - 11	27
8 - 12	43
MC: 248


2 - 1	1
4 - 2	2
11 - 3	1
8 - 4	10
4 - 5	5
0 - 6	19
4 - 7	11
0 - 8	19
0 - 9	1
11 - 10	13
6 - 11	8
MC: 90


0 - 1	1
1 - 2	4
5 - 3	7
1 - 4	18
1 - 5	20
5 - 6	41
1 - 7	19
MC: 110


5 - 1	4
19 - 2	46
14 - 3	74
5 - 4	5
11 - 5	2
17 - 6	20
6 - 7	4
7 - 8	9
0 - 9	8
16 - 10	13
16 - 11	19
10 - 12	14
9 - 13	7
5 - 14	6
10 - 15	36
9 - 16	11
14 - 17	4
11 - 18	4
0 - 19	41
MC: 327


4 - 1	24
1 - 2	17
0 - 3	53
3 - 4	52
MC: 146


3 - 1	11
1 - 2	42
5 - 3	15
3 - 4	5
0 - 5	1
5 - 6	26
MC: 100


0 - 1	20
8 - 2	23
6 - 3	5
0 - 4	3
12 - 5	2
9 - 6	27
13 - 7	6
1 - 8	6
2 - 9	12
11 - 10	7
8 - 11	22
14 - 12	4
15 - 13	12
4 - 14	24
1 - 15	29
MC: 202


4 - 1	3
16 - 2	12
1 - 3	2
13 - 4	6
1 - 5	6
7 - 6	1
5 - 7	6
1 - 8	5
10 - 9	2
11 - 10	2
0 - 11	25
4 - 12	25
11 - 13	15
11 - 14	6
10 - 15	35
3 - 16	5
MC: 156


4 - 1	1
6 - 2	7
14 - 3	10
15 - 4	1
0 - 5	13
5 - 6	8
15 - 7	12
0 - 8	16
6 - 9	10
14 - 10	10
13 - 11	3
2 - 12	1
12 - 13	1
6 - 14	6
10 - 15	3
MC: 102


0 - 1	4
1 - 2	23
7 - 3	64
14 - 4	56
13 - 5	22
14 - 6	15
4 - 7	42
5 - 8	5
11 - 9	7
7 - 10	57
1 - 11	24
0 - 12	6
2 - 13	49
11 - 14	32
14 - 15	34
MC: 440


2 - 1	15
8 - 2	21
6 - 3	12
0 - 4	24
2 - 5	3
0 - 6	32
9 - 7	12
15 - 8	19
8 - 9	1
4 - 10	29
3 - 11	2
1 - 12	3
7 - 13	32
15 - 14	34
4 - 15	15
MC: 254


12 - 1	14
0 - 2	12
1 - 3	12
9 - 4	1
13 - 5	9
9 - 6	19
0 - 7	6
0 - 8	30
12 - 9	24
3 - 10	57
9 - 11	27
7 - 12	22
2 - 13	28
9 - 14	5
MC: 266


8 - 1	8
14 - 2	40
10 - 3	48
14 - 4	77
10 - 5	58
10 - 6	19
0 - 7	15
13 - 8	45
5 - 9	44
13 - 10	47
4 - 11	54
13 - 12	3
0 - 13	25
1 - 14	22
MC: 505


10 - 1	11
13 - 2	8
19 - 3	8
2 - 4	7
19 - 5	8
16 - 6	18
1 - 7	1
19 - 8	6
0 - 9	2
15 - 10	16
18 - 11	5
18 - 12	10
0 - 13	2
19 - 14	14
4 - 15	3
19 - 16	15
0 - 17	13
0 - 18	3
18 - 19	7
MC: 157


7 - 1	9
9 - 2	15
1 - 3	16
0 - 4	22
6 - 5	14
4 - 6	27
4 - 7	11
9 - 8	45
3 - 9	20
1 - 10	19
MC: 198


10 - 1	9
4 - 2	15
7 - 3	9
12 - 4	13
6 - 5	18
12 - 6	4
0 - 7	3
4 - 8	17
5 - 9	4
13 - 10	21
14 - 11	69
3 - 12	9
7 - 13	25
8 - 14	34
MC: 250


10 - 1	10
7 - 2	20
10 - 3	1
12 - 4	27
8 - 5	15
8 - 6	13
6 - 7	4
0 - 8	9
6 - 9	17
6 - 10	7
13 - 11	4
3 - 12	27
7 - 13	9
MC: 163


0 - 1	23
4 - 2	20
4 - 3	7
0 - 4	31
3 - 5	25
1 - 6	71
0 - 7	13
MC: 190


14 - 1	6
6 - 2	11
0 - 3	6
6 - 4	11
9 - 5	10
5 - 6	11
10 - 7	1
5 - 8	10
3 - 9	11
8 - 10	5
9 - 11	3
4 - 12	9
7 - 13	3
2 - 14	7
9 - 15	3
MC: 107


