2 - 1	4
13 - 2	15
2 - 3	14
7 - 4	1
13 - 5	23
4 - 6	18
12 - 7	10
3 - 8	19
11 - 9	33
3 - 10	4
13 - 11	12
0 - 12	13
6 - 13	16
MC: 182


3 - 1	9
3 - 2	11
0 - 3	13
8 - 4	10
7 - 5	20
0 - 6	6
2 - 7	1
5 - 8	10
8 - 9	15
6 - 10	1
MC: 96


2 - 1	91
0 - 2	12
0 - 3	28
12 - 4	39
7 - 5	70
2 - 6	6
8 - 7	16
9 - 8	37
3 - 9	33
6 - 10	13
6 - 11	34
10 - 12	38
MC: 417


11 - 1	6
10 - 2	40
4 - 3	10
0 - 4	21
10 - 5	6
8 - 6	3
1 - 7	9
0 - 8	28
3 - 9	6
3 - 10	10
12 - 11	4
3 - 12	12
1 - 13	10
13 - 14	7
4 - 15	11
MC: 183


2 - 1	10
0 - 2	13
7 - 3	58
0 - 4	10
4 - 5	9
4 - 6	40
4 - 7	5
MC: 145


13 - 1	22
7 - 2	38
14 - 3	38
9 - 4	5
4 - 5	12
10 - 6	5
16 - 7	46
0 - 8	19
10 - 9	7
1 - 10	10
10 - 11	6
8 - 12	3
12 - 13	6
15 - 14	7
9 - 15	37
9 - 16	8
MC: 269


0 - 1	91
8 - 2	7
1 - 3	65
8 - 4	2
8 - 5	48
4 - 6	1
4 - 7	46
1 - 8	36
6 - 9	11
MC: 307


2 - 1	22
0 - 2	48
1 - 3	3
6 - 4	62
0 - 5	74
2 - 6	33
5 - 7	43
MC: 285


0 - 1	87
3 - 2	21
9 - 3	24
1 - 4	36
10 - 5	12
2 - 6	3
10 - 7	19
3 - 8	14
4 - 9	3
9 - 10	37
4 - 11	80
10 - 12	29
3 - 13	13
MC: 378


4 - 1	7
4 - 2	23
4 - 3	48
0 - 4	44
1 - 5	24
MC: 146


10 - 1	84
10 - 2	55
14 - 3	26
15 - 4	27
13 - 5	37
12 - 6	11
11 - 7	9
15 - 8	62
14 - 9	45
9 - 10	16
13 - 11	33
14 - 12	60
8 - 13	58
11 - 14	49
16 - 15	36
0 - 16	29
MC: 637


12 - 1	7
0 - 2	8
13 - 3	9
8 - 4	8
1 - 5	2
15 - 6	13
2 - 7	12
15 - 8	2
2 - 9	10
1 - 10	1
8 - 11	6
2 - 12	8
7 - 13	4
2 - 14	7
0 - 15	1
13 - 16	12
5 - 17	2
8 - 18	20
MC: 132


2 - 1	26
7 - 2	10
5 - 3	31
7 - 4	13
4 - 5	12
0 - 6	2
0 - 7	2
6 - 8	8
0 - 9	21
3 - 10	28
1 - 11	6
11 - 12	9
MC: 168


7 - 1	25
7 - 2	58
14 - 3	3
3 - 4	12
3 - 5	12
11 - 6	7
8 - 7	8
0 - 8	14
10 - 9	11
0 - 10	6
5 - 11	12
5 - 12	15
7 - 13	10
7 - 14	21
MC: 214


3 - 1	12
3 - 2	9
0 - 3	22
2 - 4	41
0 - 5	30
MC: 114


13 - 1	26
0 - 2	13
13 - 3	10
17 - 4	9
2 - 5	14
7 - 6	25
4 - 7	21
1 - 8	27
3 - 9	33
7 - 10	34
4 - 11	8
6 - 12	11
18 - 13	2
19 - 14	3
8 - 15	18
10 - 16	33
2 - 17	12
19 - 18	2
0 - 19	2
MC: 303


8 - 1	15
19 - 2	4
16 - 3	4
13 - 4	8
11 - 5	3
5 - 6	31
0 - 7	22
16 - 8	1
0 - 9	1
3 - 10	8
10 - 11	3
15 - 12	14
17 - 13	9
0 - 14	6
2 - 15	2
0 - 16	15
14 - 17	1
8 - 18	8
0 - 19	4
MC: 159


4 - 1	40
4 - 2	8
4 - 3	29
0 - 4	2
MC: 79


0 - 1	16
1 - 2	35
6 - 3	35
3 - 4	12
4 - 5	34
2 - 6	50
8 - 7	51
3 - 8	55
MC: 288


18 - 1	16
14 - 2	6
10 - 3	7
17 - 4	17
2 - 5	26
1 - 6	23
16 - 7	9
13 - 8	12
3 - 9	5
0 - 10	8
13 - 11	20
13 - 12	14
10 - 13	1
16 - 14	10
13 - 15	21
13 - 16	2
13 - 17	18
9 - 18	3
7 - 19	26
MC: 244


5 - 1	8
10 - 2	1
8 - 3	15
11 - 4	5
13 - 5	14
7 - 6	11
5 - 7	5
6 - 8	7
15 - 9	28
1 - 10	12
0 - 11	10
7 - 12	34
11 - 13	9
11 - 14	14
7 - 15	19
MC: 192


8 - 1	83
7 - 2	53
1 - 3	91
2 - 4	59
7 - 5	69
7 - 6	31
0 - 7	82
4 - 8	5
5 - 9	11
MC: 484


5 - 1	11
1 - 2	6
5 - 3	54
1 - 4	32
0 - 5	26
MC: 129


0 - 1	29
8 - 2	3
6 - 3	10
8 - 4	19
6 - 5	5
0 - 6	28
3 - 7	9
6 - 8	8
8 - 9	22
MC: 133


5 - 1	24
15 - 2	9
1 - 3	30
0 - 4	7
2 - 5	8
17 - 6	23
18 - 7	35
1 - 8	13
13 - 9	26
8 - 10	16
0 - 11	15
6 - 12	23
12 - 13	23
13 - 14	10
11 - 15	1
11 - 16	25
18 - 17	3
2 - 18	12
MC: 303


4 - 1	79
3 - 2	43
7 - 3	43
3 - 4	49
6 - 5	14
0 - 6	21
5 - 7	41
0 - 8	35
2 - 9	29
2 - 10	74
4 - 11	16
2 - 12	98
12 - 13	15
MC: 557


10 - 1	8
3 - 2	18
6 - 3	31
3 - 4	9
11 - 5	23
0 - 6	1
8 - 7	4
9 - 8	27
2 - 9	23
5 - 10	5
0 - 11	26
MC: 175


12 - 1	7
12 - 2	5
10 - 3	26
10 - 4	8
12 - 5	20
5 - 6	4
5 - 7	14
1 - 8	13
11 - 9	15
8 - 10	7
1 - 11	1
0 - 12	5
MC: 125


11 - 1	39
6 - 2	33
7 - 3	11
8 - 4	3
10 - 5	51
9 - 6	41
6 - 7	21
14 - 8	52
12 - 9	39
3 - 10	6
2 - 11	7
0 - 12	70
10 - 13	26
7 - 14	37
12 - 15	33
MC: 469


10 - 1	4
0 - 2	7
1 - 3	2
14 - 4	2
2 - 5	11
13 - 6	12
17 - 7	4
6 - 8	23
14 - 9	2
2 - 10	9
3 - 11	7
7 - 12	16
18 - 13	7
18 - 14	13
2 - 15	3
6 - 16	14
13 - 17	7
3 - 18	6
7 - 19	19
MC: 168


0 - 1	4
6 - 2	20
2 - 3	22
0 - 4	20
4 - 5	5
11 - 6	16
8 - 7	13
2 - 8	24
11 - 9	16
3 - 10	27
4 - 11	2
10 - 12	25
9 - 13	12
4 - 14	34
MC: 240


4 - 1	8
0 - 2	5
13 - 3	2
18 - 4	8
12 - 5	7
15 - 6	9
5 - 7	1
16 - 8	18
0 - 9	4
17 - 10	4
4 - 11	5
0 - 12	6
5 - 13	7
13 - 14	6
12 - 15	6
18 - 16	16
6 - 17	6
6 - 18	2
MC: 120


5 - 1	5
4 - 2	8
2 - 3	23
6 - 4	2
16 - 5	19
0 - 6	30
5 - 7	1
1 - 8	8
13 - 9	12
7 - 10	24
10 - 11	11
4 - 12	10
4 - 13	14
7 - 14	32
2 - 15	25
19 - 16	7
13 - 17	13
2 - 18	10
17 - 19	19
MC: 273


2 - 1	1
0 - 2	4
5 - 3	3
0 - 4	1
4 - 5	3
2 - 6	8
11 - 7	2
7 - 8	9
5 - 9	13
8 - 10	6
2 - 11	4
7 - 12	2
14 - 13	11
11 - 14	9
3 - 15	15
7 - 16	1
3 - 17	11
MC: 103


6 - 1	14
3 - 2	12
11 - 3	5
16 - 4	14
11 - 5	21
16 - 6	24
8 - 7	38
6 - 8	1
7 - 9	6
3 - 10	12
0 - 11	59
4 - 12	6
15 - 13	72
8 - 14	25
10 - 15	5
19 - 16	11
1 - 17	32
15 - 18	20
10 - 19	3
MC: 380


0 - 1	29
11 - 2	64
4 - 3	54
0 - 4	35
7 - 5	89
11 - 6	80
9 - 7	63
1 - 8	20
4 - 9	4
1 - 10	35
0 - 11	19
0 - 12	35
MC: 527


3 - 1	79
0 - 2	27
2 - 3	69
0 - 4	57
MC: 232


0 - 1	11
3 - 2	5
0 - 3	21
2 - 4	36
MC: 73


0 - 1	7
6 - 2	11
0 - 3	7
15 - 4	14
16 - 5	16
11 - 6	4
10 - 7	17
18 - 8	12
16 - 9	3
0 - 10	8
3 - 11	17
2 - 12	4
2 - 13	3
1 - 14	5
11 - 15	12
2 - 16	5
9 - 17	1
15 - 18	8
MC: 154


5 - 1	58
5 - 2	51
1 - 3	10
1 - 4	18
0 - 5	14
3 - 6	37
MC: 188


6 - 1	72
0 - 2	35
6 - 3	68
6 - 4	46
4 - 5	37
0 - 6	9
MC: 267


4 - 1	60
3 - 2	14
0 - 3	2
0 - 4	1
0 - 5	21
2 - 6	35
9 - 7	12
6 - 8	47
3 - 9	7
MC: 199


10 - 1	10
0 - 2	5
11 - 3	21
10 - 4	7
4 - 5	2
13 - 6	12
8 - 7	2
2 - 8	4
1 - 9	4
11 - 10	8
12 - 11	4
13 - 12	7
14 - 13	8
2 - 14	9
MC: 103


4 - 1	69
13 - 2	41
12 - 3	65
9 - 4	51
13 - 5	8
7 - 6	74
8 - 7	47
0 - 8	19
15 - 9	65
3 - 10	93
4 - 11	56
0 - 12	95
1 - 13	36
6 - 14	71
8 - 15	52
MC: 842


6 - 1	15
10 - 2	26
10 - 3	39
10 - 4	23
1 - 5	8
0 - 6	2
3 - 7	8
11 - 8	34
8 - 9	49
1 - 10	43
6 - 11	55
MC: 302


6 - 1	22
4 - 2	25
9 - 3	8
0 - 4	15
0 - 5	9
0 - 6	3
6 - 7	7
7 - 8	17
7 - 9	3
MC: 109


10 - 1	26
5 - 2	21
9 - 3	12
0 - 4	47
10 - 5	10
9 - 6	37
1 - 7	55
2 - 8	1
1 - 9	19
0 - 10	15
MC: 243


2 - 1	9
0 - 2	42
2 - 3	15
6 - 4	44
6 - 5	8
1 - 6	25
MC: 143


14 - 1	1
15 - 2	8
1 - 3	5
12 - 4	8
16 - 5	3
4 - 6	3
4 - 7	6
10 - 8	5
0 - 9	6
0 - 10	2
0 - 11	1
13 - 12	5
5 - 13	1
2 - 14	1
10 - 15	5
9 - 16	8
6 - 17	12
19 - 18	15
15 - 19	17
MC: 112


0 - 1	96
1 - 2	71
1 - 3	61
2 - 4	33
2 - 5	70
MC: 331


5 - 1	1
1 - 2	26
0 - 3	5
3 - 4	42
4 - 5	33
MC: 107


0 - 1	23
4 - 2	15
2 - 3	68
1 - 4	65
MC: 171


12 - 1	5
1 - 2	31
9 - 3	7
7 - 4	45
3 - 5	12
10 - 6	12
11 - 7	40
0 - 8	57
0 - 9	10
0 - 10	37
9 - 11	3
10 - 12	10
MC: 269


0 - 1	41
18 - 2	9
13 - 3	16
10 - 4	3
2 - 5	13
10 - 6	23
8 - 7	9
0 - 8	44
12 - 9	17
5 - 10	23
5 - 11	56
10 - 12	19
6 - 13	2
18 - 14	40
4 - 15	8
7 - 16	10
16 - 17	30
1 - 18	19
MC: 382


6 - 1	2
10 - 2	27
0 - 3	91
6 - 4	3
6 - 5	27
11 - 6	51
12 - 7	58
11 - 8	50
4 - 9	1
9 - 10	10
3 - 11	80
5 - 12	28
MC: 428


0 - 1	12
8 - 2	3
15 - 3	17
6 - 4	9
2 - 5	21
9 - 6	6
13 - 7	1
1 - 8	12
12 - 9	1
9 - 10	14
5 - 11	19
8 - 12	21
2 - 13	17
8 - 14	2
10 - 15	15
2 - 16	6
5 - 17	5
4 - 18	13
MC: 194


19 - 1	16
15 - 2	15
4 - 3	17
19 - 4	12
18 - 5	18
4 - 6	1
4 - 7	5
19 - 8	15
18 - 9	2
15 - 10	9
9 - 11	7
16 - 12	17
10 - 13	13
1 - 14	10
18 - 15	18
0 - 16	9
3 - 17	25
16 - 18	13
18 - 19	2
MC: 224


3 - 1	29
4 - 2	59
2 - 3	38
0 - 4	13
0 - 5	4
MC: 143


4 - 1	56
3 - 2	6
4 - 3	80
0 - 4	31
0 - 5	40
3 - 6	38
MC: 251


4 - 1	19
5 - 2	17
0 - 3	20
3 - 4	3
4 - 5	5
11 - 6	24
14 - 7	14
0 - 8	13
5 - 9	17
7 - 10	12
9 - 11	13
14 - 12	3
7 - 13	14
8 - 14	10
1 - 15	14
MC: 198


9 - 1	1
7 - 2	1
4 - 3	7
0 - 4	33
9 - 5	9
10 - 6	17
1 - 7	9
7 - 8	33
4 - 9	9
4 - 10	29
8 - 11	27
MC: 175


3 - 1	45
0 - 2	61
4 - 3	50
0 - 4	50
3 - 5	22
MC: 228


8 - 1	16
6 - 2	24
5 - 3	31
0 - 4	11
6 - 5	24
1 - 6	10
4 - 7	7
0 - 8	1
MC: 124


8 - 1	32
14 - 2	5
16 - 3	26
11 - 4	43
13 - 5	67
18 - 6	27
13 - 7	25
13 - 8	16
7 - 9	1
15 - 10	52
8 - 11	27
3 - 12	13
19 - 13	15
7 - 14	16
1 - 15	37
6 - 16	15
8 - 17	1
0 - 18	7
18 - 19	5
MC: 430


3 - 1	7
3 - 2	19
15 - 3	8
2 - 4	15
10 - 5	6
10 - 6	5
16 - 7	17
17 - 8	46
7 - 9	4
12 - 10	9
14 - 11	28
2 - 12	21
7 - 13	21
10 - 14	3
17 - 15	1
6 - 16	16
0 - 17	26
MC: 252


0 - 1	70
0 - 2	14
2 - 3	13
3 - 4	67
6 - 5	79
2 - 6	80
MC: 323


4 - 1	8
0 - 2	19
1 - 3	53
2 - 4	41
0 - 5	89
MC: 210


16 - 1	16
0 - 2	21
5 - 3	18
13 - 4	33
0 - 5	18
0 - 6	1
18 - 7	41
16 - 8	20
12 - 9	4
6 - 10	4
17 - 11	32
14 - 12	13
15 - 13	6
15 - 14	17
6 - 15	9
0 - 16	15
9 - 17	14
14 - 18	13
MC: 295


0 - 1	3
10 - 2	13
2 - 3	20
3 - 4	5
10 - 5	4
9 - 6	11
1 - 7	10
1 - 8	16
10 - 9	9
1 - 10	27
MC: 118


2 - 1	1
3 - 2	35
6 - 3	24
3 - 4	16
8 - 5	16
8 - 6	2
3 - 7	48
0 - 8	17
MC: 159


12 - 1	36
0 - 2	24
5 - 3	3
0 - 4	36
13 - 5	13
3 - 6	31
8 - 7	32
13 - 8	16
3 - 9	15
11 - 10	57
9 - 11	44
14 - 12	3
0 - 13	10
13 - 14	27
MC: 347


10 - 1	7
8 - 2	35
13 - 3	21
0 - 4	18
14 - 5	1
10 - 6	21
18 - 7	16
3 - 8	31
1 - 9	5
7 - 10	4
12 - 11	35
4 - 12	20
1 - 13	8
7 - 14	8
17 - 15	14
0 - 16	29
3 - 17	7
0 - 18	32
MC: 312


0 - 1	55
0 - 2	49
4 - 3	18
1 - 4	11
MC: 133


2 - 1	17
3 - 2	5
0 - 3	60
3 - 4	19
1 - 5	53
MC: 154


12 - 1	15
15 - 2	3
14 - 3	14
1 - 4	2
1 - 5	16
9 - 6	22
15 - 7	30
4 - 8	30
11 - 9	9
2 - 10	2
0 - 11	4
11 - 12	10
8 - 13	30
11 - 14	22
0 - 15	10
MC: 219


4 - 1	7
5 - 2	11
2 - 3	4
2 - 4	9
0 - 5	52
4 - 6	2
6 - 7	6
MC: 91


13 - 1	22
12 - 2	22
1 - 3	35
0 - 4	5
11 - 5	16
18 - 6	29
9 - 7	36
5 - 8	4
1 - 9	23
6 - 10	11
0 - 11	17
3 - 12	28
4 - 13	20
6 - 14	20
1 - 15	23
17 - 16	14
11 - 17	4
4 - 18	11
MC: 340


10 - 1	11
10 - 2	26
10 - 3	17
8 - 4	1
7 - 5	17
0 - 6	18
1 - 7	9
1 - 8	4
10 - 9	17
0 - 10	8
MC: 128


0 - 1	40
0 - 2	25
2 - 3	37
1 - 4	36
0 - 5	44
MC: 182


0 - 1	9
0 - 2	3
15 - 3	6
3 - 4	7
2 - 5	3
17 - 6	11
14 - 7	10
9 - 8	5
13 - 9	7
3 - 10	16
0 - 11	5
17 - 12	8
5 - 13	6
1 - 14	9
11 - 15	3
2 - 16	10
5 - 17	3
0 - 18	11
MC: 132


3 - 1	10
1 - 2	6
0 - 3	23
14 - 4	54
8 - 5	6
8 - 6	14
2 - 7	30
2 - 8	19
13 - 9	37
3 - 10	33
2 - 11	8
8 - 12	29
11 - 13	49
13 - 14	46
MC: 364


0 - 1	73
1 - 2	55
7 - 3	70
7 - 4	52
6 - 5	71
4 - 6	25
9 - 7	5
0 - 8	98
2 - 9	53
7 - 10	35
MC: 537


0 - 1	22
3 - 2	31
0 - 3	18
1 - 4	72
0 - 5	36
MC: 179


17 - 1	2
1 - 2	6
10 - 3	10
9 - 4	3
18 - 5	14
0 - 6	1
16 - 7	15
2 - 8	11
7 - 9	12
19 - 10	3
5 - 11	21
6 - 12	7
18 - 13	15
5 - 14	12
17 - 15	9
19 - 16	11
18 - 17	5
6 - 18	2
12 - 19	2
MC: 161


3 - 1	13
0 - 2	38
9 - 3	65
2 - 4	9
2 - 5	2
10 - 6	13
5 - 7	12
12 - 8	61
5 - 9	28
7 - 10	53
1 - 11	36
10 - 12	55
MC: 385


6 - 1	22
0 - 2	27
14 - 3	26
9 - 4	39
0 - 5	46
8 - 6	21
1 - 7	7
0 - 8	22
15 - 9	32
0 - 10	35
8 - 11	24
2 - 12	10
15 - 13	9
6 - 14	21
14 - 15	21
7 - 16	6
MC: 368


2 - 1	14
4 - 2	53
4 - 3	26
0 - 4	18
3 - 5	49
MC: 160


12 - 1	24
16 - 2	9
7 - 3	10
18 - 4	31
9 - 5	2
2 - 6	9
0 - 7	18
2 - 8	6
16 - 9	6
3 - 10	4
14 - 11	3
11 - 12	17
9 - 13	10
17 - 14	5
2 - 15	8
10 - 16	9
16 - 17	7
16 - 18	11
MC: 189


0 - 1	34
3 - 2	36
4 - 3	56
0 - 4	57
MC: 183


0 - 1	6
11 - 2	1
10 - 3	3
0 - 4	27
4 - 5	21
1 - 6	5
12 - 7	10
2 - 8	2
12 - 9	20
0 - 10	4
6 - 11	8
11 - 12	22
MC: 129


14 - 1	15
3 - 2	1
0 - 3	47
18 - 4	28
8 - 5	5
8 - 6	63
10 - 7	35
13 - 8	23
16 - 9	24
12 - 10	8
10 - 11	30
2 - 12	29
7 - 13	5
11 - 14	35
6 - 15	7
14 - 16	37
18 - 17	39
8 - 18	5
MC: 436


7 - 1	20
16 - 2	4
13 - 3	21
12 - 4	22
13 - 5	3
0 - 6	20
16 - 7	6
2 - 8	32
5 - 9	13
2 - 10	19
12 - 11	71
16 - 12	34
6 - 13	30
7 - 14	14
0 - 15	44
6 - 16	19
MC: 372


0 - 1	38
3 - 2	5
0 - 3	5
0 - 4	8
MC: 56


2 - 1	21
5 - 2	20
6 - 3	6
13 - 4	5
0 - 5	13
10 - 6	9
6 - 7	14
3 - 8	17
12 - 9	1
9 - 10	7
16 - 11	15
0 - 12	11
5 - 13	2
2 - 14	24
12 - 15	21
12 - 16	15
MC: 201


10 - 1	47
12 - 2	67
18 - 3	44
5 - 4	41
8 - 5	4
12 - 6	95
1 - 7	4
10 - 8	44
11 - 9	7
0 - 10	25
5 - 11	51
15 - 12	100
14 - 13	36
18 - 14	11
16 - 15	25
5 - 16	23
16 - 17	71
15 - 18	33
MC: 728


10 - 1	31
10 - 2	20
6 - 3	3
0 - 4	13
7 - 5	15
4 - 6	12
6 - 7	10
11 - 8	27
3 - 9	8
6 - 10	30
3 - 11	20
MC: 189


0 - 1	10
6 - 2	53
7 - 3	10
3 - 4	26
1 - 5	2
5 - 6	72
6 - 7	15
6 - 8	13
MC: 201


2 - 1	11
0 - 2	4
0 - 3	6
13 - 4	2
10 - 5	4
14 - 6	5
16 - 7	11
4 - 8	22
5 - 9	7
14 - 10	2
16 - 11	4
7 - 12	1
6 - 13	9
11 - 14	5
17 - 15	17
2 - 16	9
2 - 17	20
MC: 139


5 - 1	15
1 - 2	1
10 - 3	4
7 - 4	7
10 - 5	2
10 - 6	28
0 - 7	45
10 - 8	9
7 - 9	4
7 - 10	1
3 - 11	37
11 - 12	20
0 - 13	27
4 - 14	5
3 - 15	57
MC: 262


4 - 1	70
1 - 2	11
2 - 3	40
0 - 4	82
MC: 203


